2020-06-03 20:25:36 ERROR AdminFilter:32 - Unauthorized entry to admin panel from ip:0:0:0:0:0:0:0:1
2020-06-05 02:42:29 ERROR SqlExceptionHelper:142 - Unknown column 'I.inspector_id' in 'on clause'
2020-06-05 03:06:22 ERROR SqlExceptionHelper:142 - Invalid use of group function
2020-06-05 03:14:11 ERROR SqlExceptionHelper:142 - Invalid use of group function
2020-06-05 03:29:50 ERROR SqlExceptionHelper:142 - Cannot add or update a child row: a foreign key constraint fails (`taxes`.`report_info`, CONSTRAINT `report_info_body` FOREIGN KEY (`report_info_id`) REFERENCES `report_body` (`report_body_id`) ON DELETE CASCADE ON UPDATE CASCADE)
2020-06-05 03:32:16 ERROR SqlExceptionHelper:142 - Cannot add or update a child row: a foreign key constraint fails (`taxes`.`report_info`, CONSTRAINT `report_info_body` FOREIGN KEY (`report_info_id`) REFERENCES `report_body` (`report_body_id`) ON DELETE CASCADE ON UPDATE CASCADE)
2020-06-05 03:40:59 ERROR TableStructure:148 - could not read a hi value
java.sql.SQLSyntaxErrorException: Table 'taxes.hibernate_sequence' doesn't exist
	at com.mysql.cj.jdbc.exceptions.SQLError.createSQLException(SQLError.java:120)
	at com.mysql.cj.jdbc.exceptions.SQLError.createSQLException(SQLError.java:97)
	at com.mysql.cj.jdbc.exceptions.SQLExceptionsMapping.translateException(SQLExceptionsMapping.java:122)
	at com.mysql.cj.jdbc.ClientPreparedStatement.executeInternal(ClientPreparedStatement.java:953)
	at com.mysql.cj.jdbc.ClientPreparedStatement.executeQuery(ClientPreparedStatement.java:1003)
	at org.apache.tomcat.dbcp.dbcp2.DelegatingPreparedStatement.executeQuery(DelegatingPreparedStatement.java:82)
	at org.apache.tomcat.dbcp.dbcp2.DelegatingPreparedStatement.executeQuery(DelegatingPreparedStatement.java:82)
	at org.hibernate.id.enhanced.TableStructure.executeQuery(TableStructure.java:216)
	at org.hibernate.id.enhanced.TableStructure.access$300(TableStructure.java:46)
	at org.hibernate.id.enhanced.TableStructure$1$1.execute(TableStructure.java:138)
	at org.hibernate.id.enhanced.TableStructure$1$1.execute(TableStructure.java:126)
	at org.hibernate.jdbc.WorkExecutor.executeReturningWork(WorkExecutor.java:55)
	at org.hibernate.jdbc.AbstractReturningWork.accept(AbstractReturningWork.java:34)
	at org.hibernate.resource.transaction.backend.jdbc.internal.JdbcIsolationDelegate.delegateWork(JdbcIsolationDelegate.java:57)
	at org.hibernate.id.enhanced.TableStructure$1.getNextValue(TableStructure.java:125)
	at org.hibernate.id.enhanced.NoopOptimizer.generate(NoopOptimizer.java:40)
	at org.hibernate.id.enhanced.SequenceStyleGenerator.generate(SequenceStyleGenerator.java:523)
	at org.hibernate.event.internal.AbstractSaveEventListener.saveWithGeneratedId(AbstractSaveEventListener.java:115)
	at org.hibernate.event.internal.DefaultSaveOrUpdateEventListener.saveWithGeneratedOrRequestedId(DefaultSaveOrUpdateEventListener.java:194)
	at org.hibernate.event.internal.DefaultSaveOrUpdateEventListener.entityIsTransient(DefaultSaveOrUpdateEventListener.java:179)
	at org.hibernate.event.internal.DefaultSaveOrUpdateEventListener.performSaveOrUpdate(DefaultSaveOrUpdateEventListener.java:100)
	at org.hibernate.event.internal.DefaultSaveOrUpdateEventListener.onSaveOrUpdate(DefaultSaveOrUpdateEventListener.java:75)
	at org.hibernate.event.service.internal.EventListenerGroupImpl.fireEventOnEachListener(EventListenerGroupImpl.java:102)
	at org.hibernate.internal.SessionImpl.fireSaveOrUpdate(SessionImpl.java:614)
	at org.hibernate.internal.SessionImpl.saveOrUpdate(SessionImpl.java:607)
	at org.hibernate.engine.spi.CascadingActions$5.cascade(CascadingActions.java:219)
	at org.hibernate.engine.internal.Cascade.cascadeToOne(Cascade.java:492)
	at org.hibernate.engine.internal.Cascade.cascadeAssociation(Cascade.java:416)
	at org.hibernate.engine.internal.Cascade.cascadeProperty(Cascade.java:218)
	at org.hibernate.engine.internal.Cascade.cascade(Cascade.java:151)
	at org.hibernate.event.internal.AbstractSaveEventListener.cascadeBeforeSave(AbstractSaveEventListener.java:427)
	at org.hibernate.event.internal.AbstractSaveEventListener.performSaveOrReplicate(AbstractSaveEventListener.java:264)
	at org.hibernate.event.internal.AbstractSaveEventListener.performSave(AbstractSaveEventListener.java:193)
	at org.hibernate.event.internal.AbstractSaveEventListener.saveWithGeneratedId(AbstractSaveEventListener.java:123)
	at org.hibernate.event.internal.DefaultSaveOrUpdateEventListener.saveWithGeneratedOrRequestedId(DefaultSaveOrUpdateEventListener.java:194)
	at org.hibernate.event.internal.DefaultSaveOrUpdateEventListener.entityIsTransient(DefaultSaveOrUpdateEventListener.java:179)
	at org.hibernate.event.internal.DefaultSaveOrUpdateEventListener.performSaveOrUpdate(DefaultSaveOrUpdateEventListener.java:100)
	at org.hibernate.event.internal.DefaultSaveOrUpdateEventListener.onSaveOrUpdate(DefaultSaveOrUpdateEventListener.java:75)
	at org.hibernate.event.service.internal.EventListenerGroupImpl.fireEventOnEachListener(EventListenerGroupImpl.java:102)
	at org.hibernate.internal.SessionImpl.fireSaveOrUpdate(SessionImpl.java:614)
	at org.hibernate.internal.SessionImpl.saveOrUpdate(SessionImpl.java:607)
	at org.hibernate.engine.spi.CascadingActions$5.cascade(CascadingActions.java:219)
	at org.hibernate.engine.internal.Cascade.cascadeToOne(Cascade.java:492)
	at org.hibernate.engine.internal.Cascade.cascadeAssociation(Cascade.java:416)
	at org.hibernate.engine.internal.Cascade.cascadeProperty(Cascade.java:218)
	at org.hibernate.engine.internal.Cascade.cascade(Cascade.java:151)
	at org.hibernate.event.internal.AbstractSaveEventListener.cascadeBeforeSave(AbstractSaveEventListener.java:427)
	at org.hibernate.event.internal.AbstractSaveEventListener.performSaveOrReplicate(AbstractSaveEventListener.java:264)
	at org.hibernate.event.internal.AbstractSaveEventListener.performSave(AbstractSaveEventListener.java:193)
	at org.hibernate.event.internal.AbstractSaveEventListener.saveWithGeneratedId(AbstractSaveEventListener.java:123)
	at org.hibernate.event.internal.DefaultSaveOrUpdateEventListener.saveWithGeneratedOrRequestedId(DefaultSaveOrUpdateEventListener.java:194)
	at org.hibernate.event.internal.DefaultSaveEventListener.saveWithGeneratedOrRequestedId(DefaultSaveEventListener.java:38)
	at org.hibernate.event.internal.DefaultSaveOrUpdateEventListener.entityIsTransient(DefaultSaveOrUpdateEventListener.java:179)
	at org.hibernate.event.internal.DefaultSaveEventListener.performSaveOrUpdate(DefaultSaveEventListener.java:32)
	at org.hibernate.event.internal.DefaultSaveOrUpdateEventListener.onSaveOrUpdate(DefaultSaveOrUpdateEventListener.java:75)
	at org.hibernate.event.service.internal.EventListenerGroupImpl.fireEventOnEachListener(EventListenerGroupImpl.java:102)
	at org.hibernate.internal.SessionImpl.fireSave(SessionImpl.java:634)
	at org.hibernate.internal.SessionImpl.save(SessionImpl.java:627)
	at org.hibernate.internal.SessionImpl.save(SessionImpl.java:622)
	at com.javacourse.dao.implementation.ReportDAOHibernate.create(ReportDAOHibernate.java:26)
	at com.javacourse.controller.user.ReportSubmissionControllerPOST.execute(ReportSubmissionControllerPOST.java:44)
	at java.base/jdk.internal.reflect.NativeMethodAccessorImpl.invoke0(Native Method)
	at java.base/jdk.internal.reflect.NativeMethodAccessorImpl.invoke(NativeMethodAccessorImpl.java:62)
	at java.base/jdk.internal.reflect.DelegatingMethodAccessorImpl.invoke(DelegatingMethodAccessorImpl.java:43)
	at java.base/java.lang.reflect.Method.invoke(Method.java:566)
	at org.springframework.web.method.support.InvocableHandlerMethod.doInvoke(InvocableHandlerMethod.java:190)
	at org.springframework.web.method.support.InvocableHandlerMethod.invokeForRequest(InvocableHandlerMethod.java:138)
	at org.springframework.web.servlet.mvc.method.annotation.ServletInvocableHandlerMethod.invokeAndHandle(ServletInvocableHandlerMethod.java:105)
	at org.springframework.web.servlet.mvc.method.annotation.RequestMappingHandlerAdapter.invokeHandlerMethod(RequestMappingHandlerAdapter.java:879)
	at org.springframework.web.servlet.mvc.method.annotation.RequestMappingHandlerAdapter.handleInternal(RequestMappingHandlerAdapter.java:793)
	at org.springframework.web.servlet.mvc.method.AbstractHandlerMethodAdapter.handle(AbstractHandlerMethodAdapter.java:87)
	at org.springframework.web.servlet.DispatcherServlet.doDispatch(DispatcherServlet.java:1040)
	at org.springframework.web.servlet.DispatcherServlet.doService(DispatcherServlet.java:943)
	at org.springframework.web.servlet.FrameworkServlet.processRequest(FrameworkServlet.java:1006)
	at org.springframework.web.servlet.FrameworkServlet.doPost(FrameworkServlet.java:909)
	at javax.servlet.http.HttpServlet.service(HttpServlet.java:647)
	at org.springframework.web.servlet.FrameworkServlet.service(FrameworkServlet.java:883)
	at javax.servlet.http.HttpServlet.service(HttpServlet.java:728)
	at org.apache.catalina.core.ApplicationFilterChain.internalDoFilter(ApplicationFilterChain.java:305)
	at org.apache.catalina.core.ApplicationFilterChain.doFilter(ApplicationFilterChain.java:210)
	at org.apache.tomcat.websocket.server.WsFilter.doFilter(WsFilter.java:51)
	at org.apache.catalina.core.ApplicationFilterChain.internalDoFilter(ApplicationFilterChain.java:243)
	at org.apache.catalina.core.ApplicationFilterChain.doFilter(ApplicationFilterChain.java:210)
	at com.javacourse.filters.UserAuthFilter.doFilter(UserAuthFilter.java:24)
	at org.apache.catalina.core.ApplicationFilterChain.internalDoFilter(ApplicationFilterChain.java:243)
	at org.apache.catalina.core.ApplicationFilterChain.doFilter(ApplicationFilterChain.java:210)
	at com.javacourse.filters.LocalizationFilter.doFilter(LocalizationFilter.java:27)
	at org.apache.catalina.core.ApplicationFilterChain.internalDoFilter(ApplicationFilterChain.java:243)
	at org.apache.catalina.core.ApplicationFilterChain.doFilter(ApplicationFilterChain.java:210)
	at org.apache.catalina.core.StandardWrapperValve.invoke(StandardWrapperValve.java:222)
	at org.apache.catalina.core.StandardContextValve.invoke(StandardContextValve.java:123)
	at org.apache.catalina.authenticator.AuthenticatorBase.invoke(AuthenticatorBase.java:502)
	at org.apache.catalina.core.StandardHostValve.invoke(StandardHostValve.java:171)
	at org.apache.catalina.valves.ErrorReportValve.invoke(ErrorReportValve.java:100)
	at org.apache.catalina.valves.AccessLogValve.invoke(AccessLogValve.java:953)
	at org.apache.catalina.core.StandardEngineValve.invoke(StandardEngineValve.java:118)
	at org.apache.catalina.connector.CoyoteAdapter.service(CoyoteAdapter.java:408)
	at org.apache.coyote.http11.AbstractHttp11Processor.process(AbstractHttp11Processor.java:1041)
	at org.apache.coyote.AbstractProtocol$AbstractConnectionHandler.process(AbstractProtocol.java:603)
	at org.apache.tomcat.util.net.JIoEndpoint$SocketProcessor.run(JIoEndpoint.java:310)
	at java.base/java.util.concurrent.ThreadPoolExecutor.runWorker(ThreadPoolExecutor.java:1128)
	at java.base/java.util.concurrent.ThreadPoolExecutor$Worker.run(ThreadPoolExecutor.java:628)
	at java.base/java.lang.Thread.run(Thread.java:834)
2020-06-05 03:41:00 ERROR SqlExceptionHelper:142 - Table 'taxes.hibernate_sequence' doesn't exist
2020-06-07 20:30:22 ERROR SqlExceptionHelper:142 - Cannot add or update a child row: a foreign key constraint fails (`taxes`.`report_info`, CONSTRAINT `report_info_body` FOREIGN KEY (`report_info_id`) REFERENCES `report_body` (`report_body_id`) ON DELETE CASCADE ON UPDATE CASCADE)
2020-06-07 20:39:57 ERROR SqlExceptionHelper:142 - Cannot add or update a child row: a foreign key constraint fails (`taxes`.`report_info`, CONSTRAINT `report_info_body` FOREIGN KEY (`report_info_id`) REFERENCES `report_body` (`report_body_id`) ON DELETE CASCADE ON UPDATE CASCADE)
2020-06-07 20:47:20 ERROR SqlExceptionHelper:142 - Cannot add or update a child row: a foreign key constraint fails (`taxes`.`report_general`, CONSTRAINT `report_general_body` FOREIGN KEY (`report_general_id`) REFERENCES `report_body` (`report_body_id`) ON DELETE CASCADE)
2020-06-07 20:55:02 ERROR SqlExceptionHelper:142 - Field 'report_id' doesn't have a default value
2020-06-07 20:55:46 ERROR SqlExceptionHelper:142 - Unknown column 'errorrepor1_.body_report_body_id' in 'field list'
2020-06-07 21:00:15 ERROR SqlExceptionHelper:142 - Unknown column 'errorrepor1_.report_body_id' in 'field list'
2020-06-07 21:02:57 ERROR SqlExceptionHelper:142 - Field 'report_id' doesn't have a default value
2020-06-07 21:15:55 ERROR SqlExceptionHelper:142 - Unknown column 'errorrepor4_.body_report_body_id' in 'field list'
2020-06-07 21:18:21 ERROR SqlExceptionHelper:142 - Column 'report_id' cannot be null
2020-06-07 21:23:30 ERROR SqlExceptionHelper:142 - Column 'report_id' cannot be null
2020-06-07 21:36:01 ERROR SqlExceptionHelper:142 - Column 'report_id' cannot be null
2020-06-07 21:43:43 ERROR SqlExceptionHelper:142 - Unknown column 'report0_.fk_report_id' in 'field list'
2020-06-07 21:53:31 ERROR SqlExceptionHelper:142 - Field 'report_id' doesn't have a default value
2020-06-07 22:39:59 ERROR SqlExceptionHelper:142 - Field 'report_general_id' doesn't have a default value
2020-06-07 22:48:04 ERROR SqlExceptionHelper:142 - Field 'report_general_id' doesn't have a default value
2020-06-11 07:02:12 ERROR SqlExceptionHelper:142 - Unknown column 'user0_.account_id' in 'field list'
2020-06-11 07:09:10 ERROR SqlExceptionHelper:142 - Unknown column 'user0_.account_id' in 'field list'
2020-06-11 07:11:51 ERROR SqlExceptionHelper:142 - Unknown column 'user0_1_.salt' in 'field list'
