INFO  2020-06-11 08:00:19 org.springframework.boot.StartupInfoLogger | Starting TaxAppApplication on DESKTOP-FTJO7M3 with PID 6832 (C:\Users\benja\epam\git\final\taxApp\target\classes started by benja in C:\Users\benja\epam\git\final\taxApp)
INFO  2020-06-11 08:00:19 org.springframework.boot.SpringApplication | No active profile set, falling back to default profiles: default
INFO  2020-06-11 08:00:25 org.springframework.data.repository.config.RepositoryConfigurationDelegate | Bootstrapping Spring Data JPA repositories in DEFERRED mode.
INFO  2020-06-11 08:00:26 org.springframework.data.repository.config.RepositoryConfigurationDelegate | Finished Spring Data repository scanning in 204ms. Found 4 JPA repository interfaces.
INFO  2020-06-11 08:00:31 org.springframework.boot.web.embedded.tomcat.TomcatWebServer | Tomcat initialized with port(s): 8080 (http)
INFO  2020-06-11 08:00:31 org.apache.juli.logging.DirectJDKLog | Initializing ProtocolHandler ["http-nio-8080"]
INFO  2020-06-11 08:00:31 org.apache.juli.logging.DirectJDKLog | Starting service [Tomcat]
INFO  2020-06-11 08:00:31 org.apache.juli.logging.DirectJDKLog | Starting Servlet engine: [Apache Tomcat/9.0.35]
INFO  2020-06-11 08:00:31 org.apache.juli.logging.DirectJDKLog | Initializing Spring embedded WebApplicationContext
INFO  2020-06-11 08:00:31 org.springframework.boot.web.servlet.context.ServletWebServerApplicationContext | Root WebApplicationContext: initialization completed in 11289 ms
INFO  2020-06-11 08:00:32 org.springframework.scheduling.concurrent.ExecutorConfigurationSupport | Initializing ExecutorService 'applicationTaskExecutor'
INFO  2020-06-11 08:00:32 com.zaxxer.hikari.HikariDataSource | HikariPool-1 - Starting...
INFO  2020-06-11 08:00:33 com.zaxxer.hikari.HikariDataSource | HikariPool-1 - Start completed.
INFO  2020-06-11 08:00:33 org.hibernate.jpa.internal.util.LogHelper | HHH000204: Processing PersistenceUnitInfo [name: default]
WARN  2020-06-11 08:00:34 org.springframework.boot.autoconfigure.orm.jpa.JpaBaseConfiguration$JpaWebConfiguration | spring.jpa.open-in-view is enabled by default. Therefore, database queries may be performed during view rendering. Explicitly configure spring.jpa.open-in-view to disable this warning
INFO  2020-06-11 08:00:34 org.hibernate.Version | HHH000412: Hibernate ORM core version 5.4.15.Final
INFO  2020-06-11 08:00:36 org.hibernate.annotations.common.reflection.java.JavaReflectionManager | HCANN000001: Hibernate Commons Annotations {5.1.0.Final}
INFO  2020-06-11 08:00:36 org.hibernate.dialect.Dialect | HHH000400: Using dialect: org.hibernate.dialect.MySQL8Dialect
INFO  2020-06-11 08:00:40 org.hibernate.engine.transaction.jta.platform.internal.JtaPlatformInitiator | HHH000490: Using JtaPlatform implementation: [org.hibernate.engine.transaction.jta.platform.internal.NoJtaPlatform]
INFO  2020-06-11 08:00:40 org.springframework.orm.jpa.AbstractEntityManagerFactoryBean | Initialized JPA EntityManagerFactory for persistence unit 'default'
INFO  2020-06-11 08:00:43 org.springframework.security.web.DefaultSecurityFilterChain | Creating filter chain: any request, [org.springframework.security.web.context.request.async.WebAsyncManagerIntegrationFilter@464ede1f, org.springframework.security.web.context.SecurityContextPersistenceFilter@63de4fa, org.springframework.security.web.header.HeaderWriterFilter@5b322873, org.springframework.security.web.authentication.logout.LogoutFilter@7cb29ea8, org.springframework.security.web.authentication.UsernamePasswordAuthenticationFilter@bfb93cf, org.springframework.security.web.savedrequest.RequestCacheAwareFilter@18907af2, org.springframework.security.web.servletapi.SecurityContextHolderAwareRequestFilter@63db743d, org.springframework.security.web.authentication.AnonymousAuthenticationFilter@64910b2d, org.springframework.security.web.session.SessionManagementFilter@7ad889be, org.springframework.security.web.access.ExceptionTranslationFilter@72a7aa4f, org.springframework.security.web.access.intercept.FilterSecurityInterceptor@2b458cd6]
INFO  2020-06-11 08:00:47 org.springframework.boot.autoconfigure.web.servlet.WelcomePageHandlerMapping | Adding welcome page template: index
INFO  2020-06-11 08:00:48 org.apache.juli.logging.DirectJDKLog | Starting ProtocolHandler ["http-nio-8080"]
INFO  2020-06-11 08:00:49 org.springframework.boot.web.embedded.tomcat.TomcatWebServer | Tomcat started on port(s): 8080 (http) with context path ''
INFO  2020-06-11 08:00:49 org.springframework.data.repository.config.DeferredRepositoryInitializationListener | Triggering deferred initialization of Spring Data repositories…
INFO  2020-06-11 08:00:49 org.springframework.data.repository.config.DeferredRepositoryInitializationListener | Spring Data repositories initialized!
INFO  2020-06-11 08:00:49 org.springframework.boot.StartupInfoLogger | Started TaxAppApplication in 32.108 seconds (JVM running for 35.875)
INFO  2020-06-11 08:01:07 org.apache.juli.logging.DirectJDKLog | Initializing Spring DispatcherServlet 'dispatcherServlet'
INFO  2020-06-11 08:01:07 org.springframework.web.servlet.FrameworkServlet | Initializing Servlet 'dispatcherServlet'
INFO  2020-06-11 08:01:07 org.springframework.web.servlet.FrameworkServlet | Completed initialization in 9 ms
WARN  2020-06-11 08:01:17 org.apache.juli.logging.DirectJDKLog | Creation of SecureRandom instance for session ID generation using [SHA1PRNG] took [344] milliseconds.
